[debug] [2022-01-19T05:23:49.021Z] ----------------------------------------------------------------------
[debug] [2022-01-19T05:23:49.023Z] Command:       C:\Program Files\nodejs\node.exe C:\Program Files\nodejs\node_modules\firebase-tools\lib\bin\firebase.js init
[debug] [2022-01-19T05:23:49.023Z] CLI Version:   10.1.0
[debug] [2022-01-19T05:23:49.023Z] Platform:      win32
[debug] [2022-01-19T05:23:49.024Z] Node Version:  v14.16.0
[debug] [2022-01-19T05:23:49.025Z] Time:          Wed Jan 19 2022 00:23:49 GMT-0500 (Eastern Standard Time)
[debug] [2022-01-19T05:23:49.025Z] ----------------------------------------------------------------------
[debug] 
[debug] [2022-01-19T05:23:49.074Z] > command requires scopes: ["email","openid","https://www.googleapis.com/auth/cloudplatformprojects.readonly","https://www.googleapis.com/auth/firebase","https://www.googleapis.com/auth/cloud-platform"]
[debug] [2022-01-19T05:23:49.074Z] > authorizing via signed-in user (asland0818@gmail.com)
[info] 
     ######## #### ########  ######## ########     ###     ######  ########
     ##        ##  ##     ## ##       ##     ##  ##   ##  ##       ##
     ######    ##  ########  ######   ########  #########  ######  ######
     ##        ##  ##    ##  ##       ##     ## ##     ##       ## ##
     ##       #### ##     ## ######## ########  ##     ##  ######  ########

You're about to initialize a Firebase project in this directory:

  C:\Users\user\Documents\GitHub\Netflix_Clone

Before we get started, keep in mind:

  * You are initializing within an existing Firebase project directory

[info] 
=== Project Setup
[info] 
[info] First, let's associate this project directory with a Firebase project.
[info] You can create multiple project aliases by running firebase use --add, 
[info] but for now we'll just set up a default project.
[info] 
[debug] [2022-01-19T05:24:05.426Z] Using project from CLI flag: netflix-clone-c7e55
[debug] [2022-01-19T05:24:05.429Z] >>> [apiv2][query] GET https://firebase.googleapis.com/v1beta1/projects/netflix-clone-c7e55 [none]
[debug] [2022-01-19T05:24:05.781Z] <<< [apiv2][status] GET https://firebase.googleapis.com/v1beta1/projects/netflix-clone-c7e55 200
[debug] [2022-01-19T05:24:05.781Z] <<< [apiv2][body] GET https://firebase.googleapis.com/v1beta1/projects/netflix-clone-c7e55 {"projectId":"netflix-clone-c7e55","projectNumber":"981831239778","displayName":"netflix-clone","name":"projects/netflix-clone-c7e55","resources":{"hostingSite":"netflix-clone-c7e55","realtimeDatabaseInstance":"netflix-clone-c7e55-default-rtdb"},"state":"ACTIVE"}
[info] i  Using project netflix-clone-c7e55 (netflix-clone) 
[info] 
=== Hosting Setup
[info] 
[info] Your public directory is the folder (relative to your project directory) that
[info] will contain Hosting assets to be uploaded with firebase deploy. If you
[info] have a build process for your assets, use your build's output directory.
[info] 
[debug] [2022-01-19T05:25:29.714Z] >>> [apiv2][query] GET https://www.gstatic.com/firebasejs/releases.json [none]
[debug] [2022-01-19T05:25:29.987Z] <<< [apiv2][status] GET https://www.gstatic.com/firebasejs/releases.json 200
[debug] [2022-01-19T05:25:29.987Z] <<< [apiv2][body] GET https://www.gstatic.com/firebasejs/releases.json {"current":{"version":"9.6.3","browserURL":"https://www.gstatic.com/firebasejs/9.6.3/firebase.js","packageURL":"https://www.gstatic.com/firebasejs/9.6.3/firebase.tgz"},"live":{"version":"9.6","browserURL":"https://www.gstatic.com/firebasejs/live/9.6/firebase.js","packageURL":"https://www.gstatic.com/firebasejs/live/9.6/firebase.tgz"},"components":{"analytics":"https://www.gstatic.com/firebasejs/9.6.3/firebase-analytics.js","app":"https://www.gstatic.com/firebasejs/9.6.3/firebase-app.js","app-check":"https://www.gstatic.com/firebasejs/9.6.3/firebase-app-check.js","auth":"https://www.gstatic.com/firebasejs/9.6.3/firebase-auth.js","auth/cordova":"https://www.gstatic.com/firebasejs/9.6.3/firebase-auth/cordova.js","auth/react-native":"https://www.gstatic.com/firebasejs/9.6.3/firebase-auth/react-native.js","functions":"https://www.gstatic.com/firebasejs/9.6.3/firebase-functions.js","firestore":"https://www.gstatic.com/firebasejs/9.6.3/firebase-firestore.js","firestore/lite":"https://www.gstatic.com/firebasejs/9.6.3/firebase-firestore/lite.js","storage":"https://www.gstatic.com/firebasejs/9.6.3/firebase-storage.js","performance":"https://www.gstatic.com/firebasejs/9.6.3/firebase-performance.js","remote-config":"https://www.gstatic.com/firebasejs/9.6.3/firebase-remote-config.js","messaging":"https://www.gstatic.com/firebasejs/9.6.3/firebase-messaging.js","messaging/sw":"https://www.gstatic.com/firebasejs/9.6.3/firebase-messaging/sw.js","database":"https://www.gstatic.com/firebasejs/9.6.3/firebase-database.js","firestore.memory":"https://www.gstatic.com/firebasejs/9.6.3/firebase-firestore.memory.js"}}
[info] +  Wrote build/index.html 
[info] 
[info] i  Detected a .git folder at C:\Users\user\Documents\GitHub\Netflix_Clone 
[info] i  Authorizing with GitHub to upload your service account to a GitHub repository's secrets store. 
[info] 
[info] Visit this URL on this device to log in:
[info] https://github.com/login/oauth/authorize?client_id=89cf50f02ac6aaed3484&state=102913394&redirect_uri=http%3A%2F%2Flocalhost%3A9005&scope=read%3Auser%20repo%20public_repo
[info] 
[info] Waiting for authentication...
[debug] [2022-01-19T05:29:00.241Z] >>> HTTP REQUEST POST https://github.com/login/oauth/access_token  
 {"client_id":"89cf50f02ac6aaed3484","client_secret":"3330d14abc895d9a74d5f17cd7a00711fa2c5bf0","code":"f6c2779ce6cac041268a","redirect_uri":"http://localhost:9005","state":"102913394"}
[debug] [2022-01-19T05:29:00.445Z] <<< HTTP RESPONSE 200 {"server":"GitHub.com","date":"Wed, 19 Jan 2022 05:29:00 GMT","content-type":"application/json; charset=utf-8","transfer-encoding":"chunked","vary":"X-PJAX, X-PJAX-Container, Accept-Encoding, Accept, X-Requested-With","permissions-policy":"interest-cohort=()","etag":"W/\"737fed07244ea795eab3364dc1a0806a\"","cache-control":"max-age=0, private, must-revalidate","strict-transport-security":"max-age=31536000; includeSubdomains; preload","x-frame-options":"deny","x-content-type-options":"nosniff","x-xss-protection":"0","referrer-policy":"origin-when-cross-origin, strict-origin-when-cross-origin","expect-ct":"max-age=2592000, report-uri=\"https://api.github.com/_private/browser/errors\"","content-security-policy":"default-src 'none'; base-uri 'self'; block-all-mixed-content; child-src github.com/assets-cdn/worker/ gist.github.com/assets-cdn/worker/; connect-src 'self' uploads.github.com objects-origin.githubusercontent.com www.githubstatus.com collector.githubapp.com api.github.com github-cloud.s3.amazonaws.com github-production-repository-file-5c1aeb.s3.amazonaws.com github-production-upload-manifest-file-7fdce7.s3.amazonaws.com github-production-user-asset-6210df.s3.amazonaws.com cdn.optimizely.com logx.optimizely.com/v1/events translator.github.com wss://alive.github.com; font-src github.githubassets.com; form-action 'self' github.com gist.github.com objects-origin.githubusercontent.com; frame-ancestors 'none'; frame-src render.githubusercontent.com viewscreen.githubusercontent.com notebooks.githubusercontent.com; img-src 'self' data: github.githubassets.com identicons.github.com collector.githubapp.com github-cloud.s3.amazonaws.com secured-user-images.githubusercontent.com/ *.githubusercontent.com; manifest-src 'self'; media-src github.com user-images.githubusercontent.com/; script-src github.githubassets.com; style-src 'unsafe-inline' github.githubassets.com; worker-src github.com/assets-cdn/worker/ gist.github.com/assets-cdn/worker/","x-github-request-id":"D501:63DF:1415E8:2196A3:61E7A19C"}
[debug] [2022-01-19T05:29:00.448Z] >>> [apiv2][query] GET https://api.github.com/user [none]
[debug] [2022-01-19T05:29:00.987Z] <<< [apiv2][status] GET https://api.github.com/user 200
[debug] [2022-01-19T05:29:00.987Z] <<< [apiv2][body] GET https://api.github.com/user {"login":"ycl818","id":74204587,"node_id":"MDQ6VXNlcjc0MjA0NTg3","avatar_url":"https://avatars.githubusercontent.com/u/74204587?v=4","gravatar_id":"","url":"https://api.github.com/users/ycl818","html_url":"https://github.com/ycl818","followers_url":"https://api.github.com/users/ycl818/followers","following_url":"https://api.github.com/users/ycl818/following{/other_user}","gists_url":"https://api.github.com/users/ycl818/gists{/gist_id}","starred_url":"https://api.github.com/users/ycl818/starred{/owner}{/repo}","subscriptions_url":"https://api.github.com/users/ycl818/subscriptions","organizations_url":"https://api.github.com/users/ycl818/orgs","repos_url":"https://api.github.com/users/ycl818/repos","events_url":"https://api.github.com/users/ycl818/events{/privacy}","received_events_url":"https://api.github.com/users/ycl818/received_events","type":"User","site_admin":false,"name":"yichien","company":null,"blog":"","location":"Taiwan","email":null,"hireable":null,"bio":"Trying to accumulate coding experience ","twitter_username":null,"public_repos":32,"public_gists":0,"followers":1,"following":4,"created_at":"2020-11-09T17:35:21Z","updated_at":"2022-01-08T23:34:17Z","private_gists":0,"total_private_repos":1,"owned_private_repos":1,"disk_usage":51530,"collaborators":0,"two_factor_authentication":false,"plan":{"name":"free","space":976562499,"collaborators":0,"private_repos":10000}}
[info] 
[info] +  Success! Logged into GitHub as ycl818 
[info] 
[debug] [2022-01-19T05:29:10.386Z] >>> [apiv2][query] GET https://api.github.com/repos//actions/secrets/public-key type=owner
[debug] [2022-01-19T05:29:10.620Z] <<< [apiv2][status] GET https://api.github.com/repos//actions/secrets/public-key 404
[debug] [2022-01-19T05:29:10.620Z] <<< [apiv2][body] GET https://api.github.com/repos//actions/secrets/public-key {"message":"Not Found","documentation_url":"https://docs.github.com/rest"}
[debug] [2022-01-19T05:29:49.030Z] ----------------------------------------------------------------------
[debug] [2022-01-19T05:29:49.031Z] Command:       C:\Program Files\nodejs\node.exe C:\Program Files\nodejs\node_modules\firebase-tools\lib\bin\firebase.js init
[debug] [2022-01-19T05:29:49.032Z] CLI Version:   10.1.0
[debug] [2022-01-19T05:29:49.032Z] Platform:      win32
[debug] [2022-01-19T05:29:49.032Z] Node Version:  v14.16.0
[debug] [2022-01-19T05:29:49.033Z] Time:          Wed Jan 19 2022 00:29:49 GMT-0500 (Eastern Standard Time)
[debug] [2022-01-19T05:29:49.033Z] ----------------------------------------------------------------------
[debug] 
[debug] [2022-01-19T05:29:49.080Z] > command requires scopes: ["email","openid","https://www.googleapis.com/auth/cloudplatformprojects.readonly","https://www.googleapis.com/auth/firebase","https://www.googleapis.com/auth/cloud-platform"]
[debug] [2022-01-19T05:29:49.081Z] > authorizing via signed-in user (asland0818@gmail.com)
[info] 
     ######## #### ########  ######## ########     ###     ######  ########
     ##        ##  ##     ## ##       ##     ##  ##   ##  ##       ##
     ######    ##  ########  ######   ########  #########  ######  ######
     ##        ##  ##    ##  ##       ##     ## ##     ##       ## ##
     ##       #### ##     ## ######## ########  ##     ##  ######  ########

You're about to initialize a Firebase project in this directory:

  C:\Users\user\Documents\GitHub\Netflix_Clone

Before we get started, keep in mind:

  * You are initializing within an existing Firebase project directory

[info] 
=== Project Setup
[info] 
[info] First, let's associate this project directory with a Firebase project.
[info] You can create multiple project aliases by running firebase use --add, 
[info] but for now we'll just set up a default project.
[info] 
[debug] [2022-01-19T05:30:00.765Z] Using project from CLI flag: netflix-clone-c7e55
[debug] [2022-01-19T05:30:00.767Z] >>> [apiv2][query] GET https://firebase.googleapis.com/v1beta1/projects/netflix-clone-c7e55 [none]
[debug] [2022-01-19T05:30:01.199Z] <<< [apiv2][status] GET https://firebase.googleapis.com/v1beta1/projects/netflix-clone-c7e55 200
[debug] [2022-01-19T05:30:01.199Z] <<< [apiv2][body] GET https://firebase.googleapis.com/v1beta1/projects/netflix-clone-c7e55 {"projectId":"netflix-clone-c7e55","projectNumber":"981831239778","displayName":"netflix-clone","name":"projects/netflix-clone-c7e55","resources":{"hostingSite":"netflix-clone-c7e55","realtimeDatabaseInstance":"netflix-clone-c7e55-default-rtdb"},"state":"ACTIVE"}
[info] i  Using project netflix-clone-c7e55 (netflix-clone) 
[info] 
=== Hosting Setup
[info] 
[info] Your public directory is the folder (relative to your project directory) that
[info] will contain Hosting assets to be uploaded with firebase deploy. If you
[info] have a build process for your assets, use your build's output directory.
[info] 
